info it worked if it ends with ok
verbose cli [ 'node', '/usr/bin/npm', 'install', '-g', 'bower' ]
info using npm@1.1.4
info using node@v0.6.12
verbose config file /home/nyalleng/.npmrc
verbose config file /usr/etc/npmrc
verbose config file /usr/share/npm/npmrc
silly exec /usr/bin/node "/usr/share/npm/bin/npm-get-uid-gid.js" "nobody" 1000
silly spawning [ '/usr/bin/node',
silly spawning   [ '/usr/share/npm/bin/npm-get-uid-gid.js', 'nobody', 1000 ],
silly spawning   null ]
silly output from getuid/gid {"uid":65534,"gid":1000}
silly output from getuid/gid 
verbose cache add [ 'bower', null ]
silly cache add: name, spec, args [ undefined, 'bower', [ 'bower', null ] ]
verbose parsed url { pathname: 'bower', path: 'bower', href: 'bower' }
verbose addNamed [ 'bower', '' ]
verbose addNamed [ null, '' ]
silly name, range, hasData [ 'bower', '', false ]
verbose raw, before any munging bower
verbose url resolving [ 'http://registry.npmjs.org/', './bower' ]
verbose url resolved http://registry.npmjs.org/bower
verbose etag "F5DZ09SKDJ5DLFDPVBOP8TZTX"
http GET http://registry.npmjs.org/bower
http 304 http://registry.npmjs.org/bower
silly get cb [ 304,
silly get cb   { date: 'Thu, 25 Jun 2015 18:30:10 GMT',
silly get cb     via: '1.1 varnish',
silly get cb     'cache-control': 'max-age=60',
silly get cb     etag: '"F5DZ09SKDJ5DLFDPVBOP8TZTX"',
silly get cb     age: '29',
silly get cb     connection: 'keep-alive',
silly get cb     'x-served-by': 'cache-lhr6327-LHR',
silly get cb     'x-cache': 'HIT',
silly get cb     'x-cache-hits': '1',
silly get cb     'x-timer': 'S1435257010.627980,VS0,VE1',
silly get cb     vary: 'Accept' } ]
verbose etag bower from cache
silly name, range, hasData 2 [ 'bower', '', true ]
silly versions [ 'bower', [] ]
ERR! Error: No compatible version found: bower
ERR! No valid targets found.
ERR! Perhaps not compatible with your version of node?
ERR!     at installTargetsError (/usr/share/npm/lib/cache.js:488:10)
ERR!     at next_ (/usr/share/npm/lib/cache.js:438:17)
ERR!     at next (/usr/share/npm/lib/cache.js:415:44)
ERR!     at /usr/share/npm/lib/cache.js:408:5
ERR!     at saved (/usr/share/npm/lib/utils/npm-registry-client/get.js:147:7)
ERR!     at Object.oncomplete (/usr/lib/nodejs/graceful-fs.js:230:7)
ERR! You may report this log at:
ERR!     <http://bugs.debian.org/npm>
ERR! or use
ERR!     reportbug --attach /home/nyalleng/django-hackathon-starter/npm-debug.log npm
ERR! 
ERR! System Linux 3.11.0-26-generic
ERR! command "node" "/usr/bin/npm" "install" "-g" "bower"
ERR! cwd /home/nyalleng/django-hackathon-starter
ERR! node -v v0.6.12
ERR! npm -v 1.1.4
ERR! message No compatible version found: bower
ERR! message No valid targets found.
ERR! message Perhaps not compatible with your version of node?
verbose exit [ 1, true ]
